#
# There is insufficient memory for the Java Runtime Environment to continue.
# Native memory allocation (malloc) failed to allocate 1048576 bytes. Error detail: AllocateHeap
# Possible reasons:
#   The system is out of physical RAM or swap space
#   This process is running with CompressedOops enabled, and the Java Heap may be blocking the growth of the native heap
# Possible solutions:
#   Reduce memory load on the system
#   Increase physical memory or swap space
#   Check if swap backing store is full
#   Decrease Java heap size (-Xmx/-Xms)
#   Decrease number of Java threads
#   Decrease Java thread stack sizes (-Xss)
#   Set larger code cache with -XX:ReservedCodeCacheSize=
#   JVM is running with Unscaled Compressed Oops mode in which the Java heap is
#     placed in the first 4GB address space. The Java Heap base address is the
#     maximum limit for the native heap growth. Please use -XX:HeapBaseMinAddress
#     to set the Java Heap base and to place the Java Heap above 4GB virtual address.
# This output file may be truncated or incomplete.
#
#  Out of Memory Error (allocation.cpp:44), pid=1944, tid=14900
#
# JRE version:  (21.0.6+8) (build )
# Java VM: OpenJDK 64-Bit Server VM (21.0.6+8-b631.39, mixed mode, sharing, tiered, compressed oops, compressed class ptrs, g1 gc, windows-amd64)
# No core dump will be written. Minidumps are not enabled by default on client versions of Windows
#

---------------  S U M M A R Y ------------

Command Line: -Djava.rmi.server.hostname=127.0.0.1 -Duser.timezone=UTC -Djava.library.path=C:\Users\ghost\AppData\Roaming\JetBrains\IntelliJIdea2024.3\jdbc-drivers\SQL Server\12.8.1\com\microsoft\sqlserver\mssql-jdbc_auth\12.8.1.x86;C:\Users\ghost\AppData\Roaming\JetBrains\IntelliJIdea2024.3\jdbc-drivers\SQL Server\12.8.1\com\microsoft\sqlserver\mssql-jdbc_auth\12.8.1.x64 -Xmx2048m -Xms128m -Djdbc.classpath=C:\Users\ghost\AppData\Local\Temp\RemoteDriver5.classpath.txt --add-exports=java.desktop/sun.awt=ALL-UNNAMED --add-exports=java.desktop/java.awt.peer=ALL-UNNAMED --add-opens=java.desktop/java.awt=ALL-UNNAMED --add-opens=jdk.unsupported/sun.misc=ALL-UNNAMED --add-opens=java.base/java.nio=ALL-UNNAMED --add-opens=java.base/java.util=ALL-UNNAMED -Dfile.encoding=UTF-8 -Dsun.stdout.encoding=UTF-8 -Dsun.stderr.encoding=UTF-8 com.intellij.database.remote.RemoteJdbcServer com.microsoft.sqlserver.jdbc.SQLServerDriver

Host: Intel(R) Core(TM) i5-8250U CPU @ 1.60GHz, 8 cores, 11G,  Windows 11 , 64 bit Build 26100 (10.0.26100.5074)
Time: Thu Sep 18 14:51:44 2025 Sri Lanka Standard Time elapsed time: 0.020494 seconds (0d 0h 0m 0s)

---------------  T H R E A D  ---------------

Current thread (0x0000021d2fa27600):  JavaThread "Unknown thread" [_thread_in_vm, id=14900, stack(0x000000423fe00000,0x000000423ff00000) (1024K)]

Stack: [0x000000423fe00000,0x000000423ff00000]
Native frames: (J=compiled Java code, j=interpreted, Vv=VM code, C=native code)
V  [jvm.dll+0x6e5d39]
V  [jvm.dll+0x8c4133]
V  [jvm.dll+0x8c668e]
V  [jvm.dll+0x8c6d73]
V  [jvm.dll+0x288f76]
V  [jvm.dll+0xc0e57]
V  [jvm.dll+0x33e3e5]
V  [jvm.dll+0x3369f1]
V  [jvm.dll+0x88b589]
V  [jvm.dll+0x3ca688]
V  [jvm.dll+0x874698]
V  [jvm.dll+0x45f04e]
V  [jvm.dll+0x460d31]
C  [jli.dll+0x52ab]
C  [ucrtbase.dll+0x37b0]
C  [KERNEL32.DLL+0x2e8d7]
C  [ntdll.dll+0x8d9c]


---------------  P R O C E S S  ---------------

Threads class SMR info:
_java_thread_list=0x00007ffe98bfa148, length=0, elements={
}

Java Threads: ( => current thread )
Total: 0

Other Threads:
  0x0000021d31df5b50 WorkerThread "GC Thread#0"                     [id=3780, stack(0x000000423ff00000,0x0000004240000000) (1024K)]

[error occurred during error reporting (printing all threads), id 0xc0000005, EXCEPTION_ACCESS_VIOLATION (0xc0000005) at pc=0x00007ffe982e2fd0]
VM state: not at safepoint (not fully initialized)

VM Mutex/Monitor currently owned by a thread:  ([mutex/lock_event])
[0x00007ffe98c6eb30] Heap_lock - owner thread: 0x0000021d2fa27600

Heap address: 0x0000000080000000, size: 2048 MB, Compressed Oops mode: 32-bit

CDS archive(s) mapped at: [0x0000000000000000-0x0000000000000000-0x0000000000000000), size 0, SharedBaseAddress: 0x0000000800000000, ArchiveRelocationMode: 1.
Narrow klass base: 0x0000000000000000, Narrow klass shift: 0, Narrow klass range: 0x0

GC Precious Log:
 CardTable entry size: 512
 Card Set container configuration: InlinePtr #cards 5 size 8 Array Of Cards #cards 12 size 40 Howl #buckets 4 coarsen threshold 1843 Howl Bitmap #cards 512 size 80 coarsen threshold 460 Card regions per heap region 1 cards per card region 2048

Heap:
 garbage-first heap   total 0K, used 0K [0x0000000080000000, 0x0000000100000000)
  region size 1024K, 0 young (0K), 0 survivors (0K)
 Metaspace       used 0K, committed 0K, reserved 0K
  class space    used 0K, committed 0K, reserved 0K

Heap Regions: E=young(eden), S=young(survivor), O=old, HS=humongous(starts), HC=humongous(continues), CS=collection set, F=free, TAMS=top-at-mark-start, PB=parsable bottom

Card table byte_map: [0x0000021d45460000,0x0000021d45860000] _byte_map_base: 0x0000021d45060000

GC Heap History (0 events):
No events

Dll operation events (1 events):
Event: 0.014 Loaded shared library C:\Program Files\JetBrains\IntelliJ IDEA 2024.3.5\jbr\bin\java.dll

Deoptimization events (0 events):
No events

Classes loaded (0 events):
No events

Classes unloaded (0 events):
No events

Classes redefined (0 events):
No events

Internal exceptions (0 events):
No events

ZGC Phase Switch (0 events):
No events

VM Operations (0 events):
No events

Memory protections (0 events):
No events

Nmethod flushes (0 events):
No events

Events (0 events):
No events


Dynamic libraries:
0x00007ff71da20000 - 0x00007ff71da2a000 	C:\Program Files\JetBrains\IntelliJ IDEA 2024.3.5\jbr\bin\java.exe
0x00007fff2ea20000 - 0x00007fff2ec89000 	C:\WINDOWS\SYSTEM32\ntdll.dll
0x00007fff2d530000 - 0x00007fff2d5f9000 	C:\WINDOWS\System32\KERNEL32.DLL
0x00007fff2c330000 - 0x00007fff2c723000 	C:\WINDOWS\System32\KERNELBASE.dll
0x00007fff2bf80000 - 0x00007fff2c0cb000 	C:\WINDOWS\System32\ucrtbase.dll
0x00007fff0d9a0000 - 0x00007fff0d9bb000 	C:\Program Files\JetBrains\IntelliJ IDEA 2024.3.5\jbr\bin\VCRUNTIME140.dll
0x00007fff0d080000 - 0x00007fff0d098000 	C:\Program Files\JetBrains\IntelliJ IDEA 2024.3.5\jbr\bin\jli.dll
0x00007fff2e010000 - 0x00007fff2e1d4000 	C:\WINDOWS\System32\USER32.dll
0x00007fff15260000 - 0x00007fff154f3000 	C:\WINDOWS\WinSxS\amd64_microsoft.windows.common-controls_6595b64144ccf1df_6.0.26100.5074_none_3e0d6f78e32fd63f\COMCTL32.dll
0x00007fff2c250000 - 0x00007fff2c277000 	C:\WINDOWS\System32\win32u.dll
0x00007fff2e930000 - 0x00007fff2e9d9000 	C:\WINDOWS\System32\msvcrt.dll
0x00007fff2cc80000 - 0x00007fff2ccab000 	C:\WINDOWS\System32\GDI32.dll
0x00007fff2be50000 - 0x00007fff2bf7d000 	C:\WINDOWS\System32\gdi32full.dll
0x00007fff2c280000 - 0x00007fff2c323000 	C:\WINDOWS\System32\msvcp_win.dll
0x00007fff2dfc0000 - 0x00007fff2dfef000 	C:\WINDOWS\System32\IMM32.DLL
0x00007fff117c0000 - 0x00007fff117cc000 	C:\Program Files\JetBrains\IntelliJ IDEA 2024.3.5\jbr\bin\vcruntime140_1.dll
0x00007ffea4fb0000 - 0x00007ffea503d000 	C:\Program Files\JetBrains\IntelliJ IDEA 2024.3.5\jbr\bin\msvcp140.dll
0x00007ffe97fa0000 - 0x00007ffe98d61000 	C:\Program Files\JetBrains\IntelliJ IDEA 2024.3.5\jbr\bin\server\jvm.dll
0x00007fff2d370000 - 0x00007fff2d424000 	C:\WINDOWS\System32\ADVAPI32.dll
0x00007fff2cbd0000 - 0x00007fff2cc76000 	C:\WINDOWS\System32\sechost.dll
0x00007fff2ddc0000 - 0x00007fff2ded8000 	C:\WINDOWS\System32\RPCRT4.dll
0x00007fff2d0e0000 - 0x00007fff2d154000 	C:\WINDOWS\System32\WS2_32.dll
0x00007fff2ba10000 - 0x00007fff2ba6e000 	C:\WINDOWS\SYSTEM32\POWRPROF.dll
0x00007fff213a0000 - 0x00007fff213ab000 	C:\WINDOWS\SYSTEM32\VERSION.dll
0x00007fff0b1b0000 - 0x00007fff0b1e5000 	C:\WINDOWS\SYSTEM32\WINMM.dll
0x00007fff2b9f0000 - 0x00007fff2ba04000 	C:\WINDOWS\SYSTEM32\UMPDC.dll
0x00007fff2a950000 - 0x00007fff2a96b000 	C:\WINDOWS\SYSTEM32\kernel.appcore.dll
0x00007fff0d9e0000 - 0x00007fff0d9ea000 	C:\Program Files\JetBrains\IntelliJ IDEA 2024.3.5\jbr\bin\jimage.dll
0x00007fff00d60000 - 0x00007fff00fa2000 	C:\WINDOWS\SYSTEM32\DBGHELP.DLL
0x00007fff2c850000 - 0x00007fff2cbcb000 	C:\WINDOWS\System32\combase.dll
0x00007fff2dee0000 - 0x00007fff2dfb7000 	C:\WINDOWS\System32\OLEAUT32.dll
0x00007fff0d150000 - 0x00007fff0d18d000 	C:\WINDOWS\SYSTEM32\dbgcore.DLL
0x00007fff2bbb0000 - 0x00007fff2bc49000 	C:\WINDOWS\System32\bcryptPrimitives.dll
0x00007fff0d200000 - 0x00007fff0d220000 	C:\Program Files\JetBrains\IntelliJ IDEA 2024.3.5\jbr\bin\java.dll

dbghelp: loaded successfully - version: 4.0.5 - missing functions: none
symbol engine: initialized successfully - sym options: 0x614 - pdb path: .;C:\Program Files\JetBrains\IntelliJ IDEA 2024.3.5\jbr\bin;C:\WINDOWS\SYSTEM32;C:\WINDOWS\WinSxS\amd64_microsoft.windows.common-controls_6595b64144ccf1df_6.0.26100.5074_none_3e0d6f78e32fd63f;C:\Program Files\JetBrains\IntelliJ IDEA 2024.3.5\jbr\bin\server

VM Arguments:
jvm_args: -Djava.rmi.server.hostname=127.0.0.1 -Duser.timezone=UTC -Djava.library.path=C:\Users\ghost\AppData\Roaming\JetBrains\IntelliJIdea2024.3\jdbc-drivers\SQL Server\12.8.1\com\microsoft\sqlserver\mssql-jdbc_auth\12.8.1.x86;C:\Users\ghost\AppData\Roaming\JetBrains\IntelliJIdea2024.3\jdbc-drivers\SQL Server\12.8.1\com\microsoft\sqlserver\mssql-jdbc_auth\12.8.1.x64 -Xmx2048m -Xms128m -Djdbc.classpath=C:\Users\ghost\AppData\Local\Temp\RemoteDriver5.classpath.txt --add-exports=java.desktop/sun.awt=ALL-UNNAMED --add-exports=java.desktop/java.awt.peer=ALL-UNNAMED --add-opens=java.desktop/java.awt=ALL-UNNAMED --add-opens=jdk.unsupported/sun.misc=ALL-UNNAMED --add-opens=java.base/java.nio=ALL-UNNAMED --add-opens=java.base/java.util=ALL-UNNAMED -Dfile.encoding=UTF-8 -Dsun.stdout.encoding=UTF-8 -Dsun.stderr.encoding=UTF-8 
java_command: com.intellij.database.remote.RemoteJdbcServer com.microsoft.sqlserver.jdbc.SQLServerDriver
java_class_path (initial): C:\Program Files\JetBrains\IntelliJ IDEA 2024.3.5\lib\util_rt.jar;C:\Program Files\JetBrains\IntelliJ IDEA 2024.3.5\lib\util-8.jar;C:\Program Files\JetBrains\IntelliJ IDEA 2024.3.5\lib\groovy.jar;C:\Program Files\JetBrains\IntelliJ IDEA 2024.3.5\plugins\DatabaseTools\lib\jdbc-console.jar;C:\Program Files\JetBrains\IntelliJ IDEA 2024.3.5\plugins\grid-core-impl\lib\jdbc-console-types.jar;C:\Program Files\JetBrains\IntelliJ IDEA 2024.3.5\lib\util.jar;C:\Program Files\JetBrains\IntelliJ IDEA 2024.3.5\lib\bouncy-castle.jar
Launcher Type: SUN_STANDARD

[Global flags]
     intx CICompilerCount                          = 4                                         {product} {ergonomic}
     uint ConcGCThreads                            = 2                                         {product} {ergonomic}
     uint G1ConcRefinementThreads                  = 8                                         {product} {ergonomic}
   size_t G1HeapRegionSize                         = 1048576                                   {product} {ergonomic}
    uintx GCDrainStackTargetSize                   = 64                                        {product} {ergonomic}
   size_t InitialHeapSize                          = 134217728                                 {product} {command line}
   size_t MarkStackSize                            = 4194304                                   {product} {ergonomic}
   size_t MaxHeapSize                              = 2147483648                                {product} {command line}
   size_t MinHeapDeltaBytes                        = 1048576                                   {product} {ergonomic}
   size_t MinHeapSize                              = 134217728                                 {product} {command line}
    uintx NonNMethodCodeHeapSize                   = 5839372                                {pd product} {ergonomic}
    uintx NonProfiledCodeHeapSize                  = 122909434                              {pd product} {ergonomic}
    uintx ProfiledCodeHeapSize                     = 122909434                              {pd product} {ergonomic}
    uintx ReservedCodeCacheSize                    = 251658240                              {pd product} {ergonomic}
     bool SegmentedCodeCache                       = true                                      {product} {ergonomic}
   size_t SoftMaxHeapSize                          = 2147483648                             {manageable} {ergonomic}
     bool UseCompressedOops                        = true                           {product lp64_product} {ergonomic}
     bool UseG1GC                                  = true                                      {product} {ergonomic}
     bool UseLargePagesIndividualAllocation        = false                                  {pd product} {ergonomic}

Logging:
Log output configuration:
 #0: stdout all=warning uptime,level,tags foldmultilines=false
 #1: stderr all=off uptime,level,tags foldmultilines=false

Environment Variables:
PATH=C:\Program Files\Common Files\Oracle\Java\javapath;C:\WINDOWS\system32;C:\WINDOWS;C:\WINDOWS\System32\Wbem;C:\WINDOWS\System32\WindowsPowerShell\v1.0\;C:\WINDOWS\System32\OpenSSH\;C:\Program Files\nodejs\;C:\xampp\php;C:\composer;C:\Program Files\Git\cmd;C:\Program Files (x86)\Microsoft SQL Server\160\Tools\Binn\;C:\Program Files\Microsoft SQL Server\160\Tools\Binn\;C:\Program Files\Microsoft SQL Server\Client SDK\ODBC\170\Tools\Binn\;C:\Program Files\Microsoft SQL Server\160\DTS\Binn\;C:\Users\ghost\AppData\Local\Programs\Python\Python311\Scripts\;C:\Users\ghost\AppData\Local\Programs\Python\Python311\;C:\Users\ghost\AppData\Local\Microsoft\WindowsApps;C:\Users\ghost\AppData\Roaming\npm;C:\Users\ghost\AppData\Local\Programs\Microsoft VS Code\bin;C:\Users\ghost\AppData\Roaming\Composer\vendor\bin;;C:\Program Files\JetBrains\IntelliJ IDEA 2024.3.3\bin;;C:\Users\ghost\AppData\Roaming\JetBrains\IntelliJIdea2024.3\jdbc-drivers\SQL Server\12.8.1\com\microsoft\sqlserver\mssql-jdbc_auth\12.8.1.x86;C:\Users\ghost\AppData\Roaming\JetBrains\IntelliJIdea2024.3\jdbc-drivers\SQL Server\12.8.1\com\microsoft\sqlserver\mssql-jdbc_auth\12.8.1.x64
USERNAME=ghost
OS=Windows_NT
PROCESSOR_IDENTIFIER=Intel64 Family 6 Model 142 Stepping 10, GenuineIntel
TMP=C:\Users\ghost\AppData\Local\Temp
TEMP=C:\Users\ghost\AppData\Local\Temp




Periodic native trim disabled

JNI global refs:
JNI global refs: 0, weak refs: 0

JNI global refs memory usage: 0, weak refs: 0

Process memory usage:
Resident Set Size: 12772K (0% of 12457188K total physical memory with 1587628K free physical memory)

OOME stack traces (most recent first):
Classloader memory used:

---------------  S Y S T E M  ---------------

OS:
 Windows 11 , 64 bit Build 26100 (10.0.26100.5074)
OS uptime: 3 days 13:53 hours
Hyper-V role detected

CPU: total 8 (initial active 8) (4 cores per cpu, 2 threads per core) family 6 model 142 stepping 10 microcode 0xe0, cx8, cmov, fxsr, ht, mmx, 3dnowpref, sse, sse2, sse3, ssse3, sse4.1, sse4.2, popcnt, lzcnt, tsc, tscinvbit, avx, avx2, aes, erms, clmul, bmi1, bmi2, adx, fma, vzeroupper, clflush, clflushopt, hv, rdtscp, f16c
Processor Information for processor 0
  Max Mhz: 1800, Current Mhz: 1500, Mhz Limit: 1584
Processor Information for processor 1
  Max Mhz: 1800, Current Mhz: 1600, Mhz Limit: 1584
Processor Information for processor 2
  Max Mhz: 1800, Current Mhz: 1500, Mhz Limit: 1584
Processor Information for processor 3
  Max Mhz: 1800, Current Mhz: 1500, Mhz Limit: 1584
Processor Information for processor 4
  Max Mhz: 1800, Current Mhz: 1600, Mhz Limit: 1584
Processor Information for processor 5
  Max Mhz: 1800, Current Mhz: 1500, Mhz Limit: 1584
Processor Information for processor 6
  Max Mhz: 1800, Current Mhz: 1500, Mhz Limit: 1584
Processor Information for processor 7
  Max Mhz: 1800, Current Mhz: 1500, Mhz Limit: 1584

Memory: 4k page, system-wide physical 12165M (1550M free)
TotalPageFile size 13754M (AvailPageFile size 5M)
current process WorkingSet (physical memory assigned to process): 12M, peak: 12M
current process commit charge ("private bytes"): 59M, peak: 60M

vm_info: OpenJDK 64-Bit Server VM (21.0.6+8-b631.39) for windows-amd64 JRE (21.0.6+8-b631.39), built on 2025-02-04 by "builduser" with MS VC++ 16.10 / 16.11 (VS2019)

END.
